<?xml version="1.0" encoding="UTF-8"?>
<testng-results ignored="0" total="1" passed="1" failed="0" skipped="0">
  <reporter-output>
  </reporter-output>
  <suite started-at="2023-08-10T09:04:45 IST" name="Default suite" finished-at="2023-08-10T09:04:58 IST" duration-ms="12324">
    <groups>
    </groups>
    <test started-at="2023-08-10T09:04:45 IST" name="Default test" finished-at="2023-08-10T09:04:58 IST" duration-ms="12324">
      <class name="testcases.VerifyLoginTest">
        <test-method is-config="true" signature="preCondition()[pri:0, instance:testcases.VerifyLoginTest@4738a206]" started-at="2023-08-10T09:04:45 IST" name="preCondition" finished-at="2023-08-10T09:04:50 IST" duration-ms="4278" status="PASS">
          <reporter-output>
          </reporter-output>
        </test-method> <!-- preCondition -->
        <test-method signature="testLogin()[pri:0, instance:testcases.VerifyLoginTest@4738a206]" started-at="2023-08-10T09:04:50 IST" name="testLogin" finished-at="2023-08-10T09:04:57 IST" duration-ms="7779" status="PASS">
          <reporter-output>
          </reporter-output>
        </test-method> <!-- testLogin -->
        <test-method is-config="true" signature="postCondition()[pri:0, instance:testcases.VerifyLoginTest@4738a206]" started-at="2023-08-10T09:04:57 IST" name="postCondition" finished-at="2023-08-10T09:04:58 IST" duration-ms="189" status="PASS">
          <reporter-output>
          </reporter-output>
        </test-method> <!-- postCondition -->
      </class> <!-- testcases.VerifyLoginTest -->
    </test> <!-- Default test -->
  </suite> <!-- Default suite -->
</testng-results>
